<?xml version="1.0" encoding="UTF-8"?>
<!-- Generated by org.testng.reporters.JUnitXMLReporter -->
<testsuite ignored="0" hostname="LAPTOP-DUJFBR3O" failures="0" tests="3" name="Chrome on Windows 10" time="138.875" errors="0" timestamp="2025-11-22T11:46:21 IST">
  <testcase classname="LambdaTest.LT_Selenium.window_10_Chrome_Selenium" name="testSimpleFormDemo" time="5.204"/>
  <testcase classname="LambdaTest.LT_Selenium.window_10_Chrome_Selenium" name="testDragAndDropSlider" time="5.339"/>
  <testcase classname="LambdaTest.LT_Selenium.window_10_Chrome_Selenium" name="testInputFormSubmit" time="9.588"/>
</testsuite> <!-- Chrome on Windows 10 -->
