<?xml version="1.0" encoding="UTF-8"?>
<!-- Generated by org.testng.reporters.JUnitXMLReporter -->
<testsuite ignored="0" hostname="LAPTOP-DUJFBR3O" failures="0" tests="3" name="Edge on macOS Ventura" time="101.897" errors="0" timestamp="2025-11-22T11:45:44 IST">
  <testcase classname="LambdaTest.LT_Selenium.mac_Edge_Selenium" name="testSimpleFormDemo" time="7.232"/>
  <testcase classname="LambdaTest.LT_Selenium.mac_Edge_Selenium" name="testDragAndDropSlider" time="5.936"/>
  <testcase classname="LambdaTest.LT_Selenium.mac_Edge_Selenium" name="testInputFormSubmit" time="8.709"/>
</testsuite> <!-- Edge on macOS Ventura -->
