<?xml version="1.0" encoding="UTF-8"?>
<!-- Generated by org.testng.reporters.JUnitXMLReporter -->
<testsuite ignored="0" hostname="LAPTOP-DUJFBR3O" failures="0" tests="3" name="Firefox on Windows 11" time="131.496" errors="0" timestamp="2025-11-22T11:46:14 IST">
  <testcase classname="LambdaTest.LT_Selenium.window_10_FFox_Selenium" name="testSimpleFormDemo" time="7.537"/>
  <testcase classname="LambdaTest.LT_Selenium.window_10_FFox_Selenium" name="testDragAndDropSlider" time="6.626"/>
  <testcase classname="LambdaTest.LT_Selenium.window_10_FFox_Selenium" name="testInputFormSubmit" time="13.306"/>
</testsuite> <!-- Firefox on Windows 11 -->
