<!DOCTYPE html PUBLIC "-//W3C//DTD XHTML 1.1//EN" "https://www.w3.org/TR/xhtml11/DTD/xhtml11.dtd">
<html xmlns="https://www.w3.org/1999/xhtml">
<head>
<meta http-equiv="content-type" content="text/html; charset=UTF-8"/>
<title>TestNG Report</title>
<style type="text/css">table {margin-bottom:10px;border-collapse:collapse;empty-cells:show}th,td {border:1px solid #009;padding:.25em .5em}th {vertical-align:bottom}td {vertical-align:top}table a {font-weight:bold}.stripe td {background-color: #E6EBF9}.num {text-align:right}.passedodd td {background-color: #3F3}.passedeven td {background-color: #0A0}.skippedodd td {background-color: #DDD}.skippedeven td {background-color: #CCC}.failedodd td,.attn {background-color: #F33}.failedeven td,.stripe .attn {background-color: #D00}.stacktrace {white-space:pre;font-family:monospace}.totop {font-size:85%;text-align:center;border-bottom:2px solid #000}.invisible {display:none}</style>
</head>
<body>
<table>
<tr><th>Test</th><th># Passed</th><th># Skipped</th><th># Retried</th><th># Failed</th><th>Time (ms)</th><th>Included Groups</th><th>Excluded Groups</th></tr>
<tr><th colspan="8">LT_Selenium</th></tr>
<tr><td><a href="#t0">Edge on macOS Ventura</a></td><td class="num">3</td><td class="num">0</td><td class="num">0</td><td class="num">0</td><td class="num">101,897</td><td></td><td></td></tr>
<tr class="stripe"><td><a href="#t1">Firefox on Windows 11</a></td><td class="num">3</td><td class="num">0</td><td class="num">0</td><td class="num">0</td><td class="num">131,496</td><td></td><td></td></tr>
<tr><td><a href="#t2">Chrome on Windows 10</a></td><td class="num">3</td><td class="num">0</td><td class="num">0</td><td class="num">0</td><td class="num">138,875</td><td></td><td></td></tr>
<tr class="stripe"><td><a href="#t3">Internet Explorer on Windows 10</a></td><td class="num">0</td><td class="num">0</td><td class="num">0</td><td class="num attn">3</td><td class="num">146,595</td><td></td><td></td></tr>
<tr><th>Total</th><th class="num">9</th><th class="num">0</th><th class="num">0</th><th class="num attn">3</th><th class="num">518,863</th><th colspan="2"></th></tr>
</table>
<table id='summary'><thead><tr><th>Class</th><th>Method</th><th>Start</th><th>Time (ms)</th></tr></thead><tbody><tr><th colspan="4">LT_Selenium</th></tr></tbody><tbody id="t0"><tr><th colspan="4">Edge on macOS Ventura &#8212; passed</th></tr><tr class="passedeven"><td rowspan="3">LambdaTest.LT_Selenium.mac_Edge_Selenium</td><td><a href="#m0">testDragAndDropSlider</a></td><td rowspan="1">1763792107173</td><td rowspan="1">5936</td></tr><tr class="passedeven"><td><a href="#m1">testInputFormSubmit</a></td><td rowspan="1">1763792135904</td><td rowspan="1">8709</td></tr><tr class="passedeven"><td><a href="#m2">testSimpleFormDemo</a></td><td rowspan="1">1763792067322</td><td rowspan="1">7232</td></tr></tbody>
<tbody id="t1"><tr><th colspan="4">Firefox on Windows 11 &#8212; passed</th></tr><tr class="passedeven"><td rowspan="3">LambdaTest.LT_Selenium.window_10_FFox_Selenium</td><td><a href="#m3">testDragAndDropSlider</a></td><td rowspan="1">1763792110147</td><td rowspan="1">6626</td></tr><tr class="passedeven"><td><a href="#m4">testInputFormSubmit</a></td><td rowspan="1">1763792159488</td><td rowspan="1">13306</td></tr><tr class="passedeven"><td><a href="#m5">testSimpleFormDemo</a></td><td rowspan="1">1763792070759</td><td rowspan="1">7537</td></tr></tbody>
<tbody id="t2"><tr><th colspan="4">Chrome on Windows 10 &#8212; passed</th></tr><tr class="passedeven"><td rowspan="3">LambdaTest.LT_Selenium.window_10_Chrome_Selenium</td><td><a href="#m6">testDragAndDropSlider</a></td><td rowspan="1">1763792135469</td><td rowspan="1">5339</td></tr><tr class="passedeven"><td><a href="#m7">testInputFormSubmit</a></td><td rowspan="1">1763792172034</td><td rowspan="1">9588</td></tr><tr class="passedeven"><td><a href="#m8">testSimpleFormDemo</a></td><td rowspan="1">1763792087834</td><td rowspan="1">5204</td></tr></tbody>
<tbody id="t3"><tr><th colspan="4">Internet Explorer on Windows 10 &#8212; failed</th></tr><tr class="failedeven"><td rowspan="3">LambdaTest.LT_Selenium.windows_10_IE_Selenium</td><td><a href="#m9">testDragAndDropSlider</a></td><td rowspan="1">1763792154897</td><td rowspan="1">6340</td></tr><tr class="failedeven"><td><a href="#m10">testInputFormSubmit</a></td><td rowspan="1">1763792183040</td><td rowspan="1">6381</td></tr><tr class="failedeven"><td><a href="#m11">testSimpleFormDemo</a></td><td rowspan="1">1763792089692</td><td rowspan="1">6831</td></tr></tbody>
</table>
<h2>Edge on macOS Ventura</h2><h3 id="m0">LambdaTest.LT_Selenium.mac_Edge_Selenium#testDragAndDropSlider</h3><table class="result"><tr><th class="invisible"/></tr></table><p class="totop"><a href="#summary">back to summary</a></p>
<h3 id="m1">LambdaTest.LT_Selenium.mac_Edge_Selenium#testInputFormSubmit</h3><table class="result"><tr><th class="invisible"/></tr></table><p class="totop"><a href="#summary">back to summary</a></p>
<h3 id="m2">LambdaTest.LT_Selenium.mac_Edge_Selenium#testSimpleFormDemo</h3><table class="result"><tr><th class="invisible"/></tr></table><p class="totop"><a href="#summary">back to summary</a></p>
<h2>Firefox on Windows 11</h2><h3 id="m3">LambdaTest.LT_Selenium.window_10_FFox_Selenium#testDragAndDropSlider</h3><table class="result"><tr><th class="invisible"/></tr></table><p class="totop"><a href="#summary">back to summary</a></p>
<h3 id="m4">LambdaTest.LT_Selenium.window_10_FFox_Selenium#testInputFormSubmit</h3><table class="result"><tr><th class="invisible"/></tr></table><p class="totop"><a href="#summary">back to summary</a></p>
<h3 id="m5">LambdaTest.LT_Selenium.window_10_FFox_Selenium#testSimpleFormDemo</h3><table class="result"><tr><th class="invisible"/></tr></table><p class="totop"><a href="#summary">back to summary</a></p>
<h2>Chrome on Windows 10</h2><h3 id="m6">LambdaTest.LT_Selenium.window_10_Chrome_Selenium#testDragAndDropSlider</h3><table class="result"><tr><th class="invisible"/></tr></table><p class="totop"><a href="#summary">back to summary</a></p>
<h3 id="m7">LambdaTest.LT_Selenium.window_10_Chrome_Selenium#testInputFormSubmit</h3><table class="result"><tr><th class="invisible"/></tr></table><p class="totop"><a href="#summary">back to summary</a></p>
<h3 id="m8">LambdaTest.LT_Selenium.window_10_Chrome_Selenium#testSimpleFormDemo</h3><table class="result"><tr><th class="invisible"/></tr></table><p class="totop"><a href="#summary">back to summary</a></p>
<h2>Internet Explorer on Windows 10</h2><h3 id="m9">LambdaTest.LT_Selenium.windows_10_IE_Selenium#testDragAndDropSlider</h3><table class="result"><tr><th>Exception</th></tr><tr><td><div class="stacktrace">java.lang.AssertionError: expected [95] but found [15]
	at LambdaTest.LT_Selenium.windows_10_IE_Selenium.testDragAndDropSlider(windows_10_IE_Selenium.java:93)
	at java.base/java.util.concurrent.FutureTask.run(FutureTask.java:317)
	at java.base/java.util.concurrent.ThreadPoolExecutor.runWorker(ThreadPoolExecutor.java:1144)
	at java.base/java.util.concurrent.ThreadPoolExecutor$Worker.run(ThreadPoolExecutor.java:642)
	at java.base/java.lang.Thread.run(Thread.java:1583)
... Removed 12 stack frames</div></td></tr></table><p class="totop"><a href="#summary">back to summary</a></p>
<h3 id="m10">LambdaTest.LT_Selenium.windows_10_IE_Selenium#testInputFormSubmit</h3><table class="result"><tr><th>Exception</th></tr><tr><td><div class="stacktrace">java.lang.AssertionError: expected [Please fill out this field.] but found [This is a required field]
	at LambdaTest.LT_Selenium.windows_10_IE_Selenium.testInputFormSubmit(windows_10_IE_Selenium.java:109)
	at java.base/java.util.concurrent.FutureTask.run(FutureTask.java:317)
	at java.base/java.util.concurrent.ThreadPoolExecutor.runWorker(ThreadPoolExecutor.java:1144)
	at java.base/java.util.concurrent.ThreadPoolExecutor$Worker.run(ThreadPoolExecutor.java:642)
	at java.base/java.lang.Thread.run(Thread.java:1583)
... Removed 12 stack frames</div></td></tr></table><p class="totop"><a href="#summary">back to summary</a></p>
<h3 id="m11">LambdaTest.LT_Selenium.windows_10_IE_Selenium#testSimpleFormDemo</h3><table class="result"><tr><th>Exception</th></tr><tr><td><div class="stacktrace">java.lang.AssertionError: expected [Welcome to LambdaTest] but found []
	at LambdaTest.LT_Selenium.windows_10_IE_Selenium.testSimpleFormDemo(windows_10_IE_Selenium.java:77)
	at java.base/java.util.concurrent.FutureTask.run(FutureTask.java:317)
	at java.base/java.util.concurrent.ThreadPoolExecutor.runWorker(ThreadPoolExecutor.java:1144)
	at java.base/java.util.concurrent.ThreadPoolExecutor$Worker.run(ThreadPoolExecutor.java:642)
	at java.base/java.lang.Thread.run(Thread.java:1583)
... Removed 12 stack frames</div></td></tr></table><p class="totop"><a href="#summary">back to summary</a></p>
</body>
</html>
