<?xml version="1.0" encoding="UTF-8"?>
<testng-results ignored="0" total="12" passed="9" failed="3" skipped="0">
  <reporter-output>
  </reporter-output>
  <suite started-at="2025-11-22T11:44:02 IST" name="LT_Selenium" finished-at="2025-11-22T11:46:29 IST" duration-ms="146595">
    <groups>
    </groups>
    <test started-at="2025-11-22T11:44:02 IST" name="Edge on macOS Ventura" finished-at="2025-11-22T11:45:44 IST" duration-ms="101897">
      <class name="LambdaTest.LT_Selenium.mac_Edge_Selenium">
        <test-method is-config="true" signature="setUp(java.lang.String,java.lang.String,java.lang.String,java.lang.String)[pri:0, instance:LambdaTest.LT_Selenium.mac_Edge_Selenium@7c7a06ec]" started-at="2025-11-22T11:44:03 IST" name="setUp" finished-at="2025-11-22T11:44:27 IST" duration-ms="24311" status="PASS">
          <params>
            <param index="0">
              <value>
                <![CDATA[127.0]]>
              </value>
            </param>
            <param index="1">
              <value>
                <![CDATA[macOS Ventura]]>
              </value>
            </param>
            <param index="2">
              <value>
                <![CDATA[rushikute955]]>
              </value>
            </param>
            <param index="3">
              <value>
                <![CDATA[LT_O2OjcCAXtn89PMHftECoQ0iQhG8Fd5Xaf5ZsZ0rVywVChTk]]>
              </value>
            </param>
          </params>
          <reporter-output>
          </reporter-output>
        </test-method> <!-- setUp -->
        <test-method signature="testSimpleFormDemo()[pri:1, instance:LambdaTest.LT_Selenium.mac_Edge_Selenium@7c7a06ec]" started-at="2025-11-22T11:44:27 IST" name="testSimpleFormDemo" finished-at="2025-11-22T11:44:34 IST" duration-ms="7232" status="PASS">
          <reporter-output>
          </reporter-output>
        </test-method> <!-- testSimpleFormDemo -->
        <test-method is-config="true" signature="tearDown()[pri:0, instance:LambdaTest.LT_Selenium.mac_Edge_Selenium@7c7a06ec]" started-at="2025-11-22T11:44:34 IST" name="tearDown" finished-at="2025-11-22T11:44:34 IST" duration-ms="251" status="PASS">
          <reporter-output>
          </reporter-output>
        </test-method> <!-- tearDown -->
        <test-method is-config="true" signature="setUp(java.lang.String,java.lang.String,java.lang.String,java.lang.String)[pri:0, instance:LambdaTest.LT_Selenium.mac_Edge_Selenium@7c7a06ec]" started-at="2025-11-22T11:44:34 IST" name="setUp" finished-at="2025-11-22T11:45:07 IST" duration-ms="32362" status="PASS">
          <params>
            <param index="0">
              <value>
                <![CDATA[127.0]]>
              </value>
            </param>
            <param index="1">
              <value>
                <![CDATA[macOS Ventura]]>
              </value>
            </param>
            <param index="2">
              <value>
                <![CDATA[rushikute955]]>
              </value>
            </param>
            <param index="3">
              <value>
                <![CDATA[LT_O2OjcCAXtn89PMHftECoQ0iQhG8Fd5Xaf5ZsZ0rVywVChTk]]>
              </value>
            </param>
          </params>
          <reporter-output>
          </reporter-output>
        </test-method> <!-- setUp -->
        <test-method signature="testDragAndDropSlider()[pri:2, instance:LambdaTest.LT_Selenium.mac_Edge_Selenium@7c7a06ec]" started-at="2025-11-22T11:45:07 IST" name="testDragAndDropSlider" finished-at="2025-11-22T11:45:13 IST" duration-ms="5936" status="PASS">
          <reporter-output>
          </reporter-output>
        </test-method> <!-- testDragAndDropSlider -->
        <test-method is-config="true" signature="tearDown()[pri:0, instance:LambdaTest.LT_Selenium.mac_Edge_Selenium@7c7a06ec]" started-at="2025-11-22T11:45:13 IST" name="tearDown" finished-at="2025-11-22T11:45:13 IST" duration-ms="202" status="PASS">
          <reporter-output>
          </reporter-output>
        </test-method> <!-- tearDown -->
        <test-method is-config="true" signature="setUp(java.lang.String,java.lang.String,java.lang.String,java.lang.String)[pri:0, instance:LambdaTest.LT_Selenium.mac_Edge_Selenium@7c7a06ec]" started-at="2025-11-22T11:45:13 IST" name="setUp" finished-at="2025-11-22T11:45:35 IST" duration-ms="22591" status="PASS">
          <params>
            <param index="0">
              <value>
                <![CDATA[127.0]]>
              </value>
            </param>
            <param index="1">
              <value>
                <![CDATA[macOS Ventura]]>
              </value>
            </param>
            <param index="2">
              <value>
                <![CDATA[rushikute955]]>
              </value>
            </param>
            <param index="3">
              <value>
                <![CDATA[LT_O2OjcCAXtn89PMHftECoQ0iQhG8Fd5Xaf5ZsZ0rVywVChTk]]>
              </value>
            </param>
          </params>
          <reporter-output>
          </reporter-output>
        </test-method> <!-- setUp -->
        <test-method signature="testInputFormSubmit()[pri:3, instance:LambdaTest.LT_Selenium.mac_Edge_Selenium@7c7a06ec]" started-at="2025-11-22T11:45:35 IST" name="testInputFormSubmit" finished-at="2025-11-22T11:45:44 IST" duration-ms="8709" status="PASS">
          <reporter-output>
          </reporter-output>
        </test-method> <!-- testInputFormSubmit -->
        <test-method is-config="true" signature="tearDown()[pri:0, instance:LambdaTest.LT_Selenium.mac_Edge_Selenium@7c7a06ec]" started-at="2025-11-22T11:45:44 IST" name="tearDown" finished-at="2025-11-22T11:45:44 IST" duration-ms="233" status="PASS">
          <reporter-output>
          </reporter-output>
        </test-method> <!-- tearDown -->
      </class> <!-- LambdaTest.LT_Selenium.mac_Edge_Selenium -->
    </test> <!-- Edge on macOS Ventura -->
    <test started-at="2025-11-22T11:44:02 IST" name="Firefox on Windows 11" finished-at="2025-11-22T11:46:14 IST" duration-ms="131496">
      <class name="LambdaTest.LT_Selenium.window_10_FFox_Selenium">
        <test-method is-config="true" signature="setUp(java.lang.String,java.lang.String,java.lang.String,java.lang.String)[pri:0, instance:LambdaTest.LT_Selenium.window_10_FFox_Selenium@36ebc363]" started-at="2025-11-22T11:44:03 IST" name="setUp" finished-at="2025-11-22T11:44:30 IST" duration-ms="27750" status="PASS">
          <params>
            <param index="0">
              <value>
                <![CDATA[latest]]>
              </value>
            </param>
            <param index="1">
              <value>
                <![CDATA[Windows 11]]>
              </value>
            </param>
            <param index="2">
              <value>
                <![CDATA[rushikute955]]>
              </value>
            </param>
            <param index="3">
              <value>
                <![CDATA[LT_O2OjcCAXtn89PMHftECoQ0iQhG8Fd5Xaf5ZsZ0rVywVChTk]]>
              </value>
            </param>
          </params>
          <reporter-output>
          </reporter-output>
        </test-method> <!-- setUp -->
        <test-method signature="testSimpleFormDemo()[pri:1, instance:LambdaTest.LT_Selenium.window_10_FFox_Selenium@36ebc363]" started-at="2025-11-22T11:44:30 IST" name="testSimpleFormDemo" finished-at="2025-11-22T11:44:38 IST" duration-ms="7537" status="PASS">
          <reporter-output>
          </reporter-output>
        </test-method> <!-- testSimpleFormDemo -->
        <test-method is-config="true" signature="tearDown()[pri:0, instance:LambdaTest.LT_Selenium.window_10_FFox_Selenium@36ebc363]" started-at="2025-11-22T11:44:38 IST" name="tearDown" finished-at="2025-11-22T11:44:41 IST" duration-ms="2933" status="PASS">
          <reporter-output>
          </reporter-output>
        </test-method> <!-- tearDown -->
        <test-method is-config="true" signature="setUp(java.lang.String,java.lang.String,java.lang.String,java.lang.String)[pri:0, instance:LambdaTest.LT_Selenium.window_10_FFox_Selenium@36ebc363]" started-at="2025-11-22T11:44:41 IST" name="setUp" finished-at="2025-11-22T11:45:10 IST" duration-ms="28916" status="PASS">
          <params>
            <param index="0">
              <value>
                <![CDATA[latest]]>
              </value>
            </param>
            <param index="1">
              <value>
                <![CDATA[Windows 11]]>
              </value>
            </param>
            <param index="2">
              <value>
                <![CDATA[rushikute955]]>
              </value>
            </param>
            <param index="3">
              <value>
                <![CDATA[LT_O2OjcCAXtn89PMHftECoQ0iQhG8Fd5Xaf5ZsZ0rVywVChTk]]>
              </value>
            </param>
          </params>
          <reporter-output>
          </reporter-output>
        </test-method> <!-- setUp -->
        <test-method signature="testDragAndDropSlider()[pri:2, instance:LambdaTest.LT_Selenium.window_10_FFox_Selenium@36ebc363]" started-at="2025-11-22T11:45:10 IST" name="testDragAndDropSlider" finished-at="2025-11-22T11:45:16 IST" duration-ms="6626" status="PASS">
          <reporter-output>
          </reporter-output>
        </test-method> <!-- testDragAndDropSlider -->
        <test-method is-config="true" signature="tearDown()[pri:0, instance:LambdaTest.LT_Selenium.window_10_FFox_Selenium@36ebc363]" started-at="2025-11-22T11:45:16 IST" name="tearDown" finished-at="2025-11-22T11:45:18 IST" duration-ms="1454" status="PASS">
          <reporter-output>
          </reporter-output>
        </test-method> <!-- tearDown -->
        <test-method is-config="true" signature="setUp(java.lang.String,java.lang.String,java.lang.String,java.lang.String)[pri:0, instance:LambdaTest.LT_Selenium.window_10_FFox_Selenium@36ebc363]" started-at="2025-11-22T11:45:18 IST" name="setUp" finished-at="2025-11-22T11:45:59 IST" duration-ms="41259" status="PASS">
          <params>
            <param index="0">
              <value>
                <![CDATA[latest]]>
              </value>
            </param>
            <param index="1">
              <value>
                <![CDATA[Windows 11]]>
              </value>
            </param>
            <param index="2">
              <value>
                <![CDATA[rushikute955]]>
              </value>
            </param>
            <param index="3">
              <value>
                <![CDATA[LT_O2OjcCAXtn89PMHftECoQ0iQhG8Fd5Xaf5ZsZ0rVywVChTk]]>
              </value>
            </param>
          </params>
          <reporter-output>
          </reporter-output>
        </test-method> <!-- setUp -->
        <test-method signature="testInputFormSubmit()[pri:3, instance:LambdaTest.LT_Selenium.window_10_FFox_Selenium@36ebc363]" started-at="2025-11-22T11:45:59 IST" name="testInputFormSubmit" finished-at="2025-11-22T11:46:12 IST" duration-ms="13306" status="PASS">
          <reporter-output>
          </reporter-output>
        </test-method> <!-- testInputFormSubmit -->
        <test-method is-config="true" signature="tearDown()[pri:0, instance:LambdaTest.LT_Selenium.window_10_FFox_Selenium@36ebc363]" started-at="2025-11-22T11:46:12 IST" name="tearDown" finished-at="2025-11-22T11:46:14 IST" duration-ms="1651" status="PASS">
          <reporter-output>
          </reporter-output>
        </test-method> <!-- tearDown -->
      </class> <!-- LambdaTest.LT_Selenium.window_10_FFox_Selenium -->
    </test> <!-- Firefox on Windows 11 -->
    <test started-at="2025-11-22T11:44:02 IST" name="Chrome on Windows 10" finished-at="2025-11-22T11:46:21 IST" duration-ms="138875">
      <class name="LambdaTest.LT_Selenium.window_10_Chrome_Selenium">
        <test-method is-config="true" signature="setUp(java.lang.String,java.lang.String,java.lang.String,java.lang.String)[pri:0, instance:LambdaTest.LT_Selenium.window_10_Chrome_Selenium@49ec71f8]" started-at="2025-11-22T11:44:03 IST" name="setUp" finished-at="2025-11-22T11:44:47 IST" duration-ms="44824" status="PASS">
          <params>
            <param index="0">
              <value>
                <![CDATA[128.0]]>
              </value>
            </param>
            <param index="1">
              <value>
                <![CDATA[Windows 10]]>
              </value>
            </param>
            <param index="2">
              <value>
                <![CDATA[rushikute955]]>
              </value>
            </param>
            <param index="3">
              <value>
                <![CDATA[LT_O2OjcCAXtn89PMHftECoQ0iQhG8Fd5Xaf5ZsZ0rVywVChTk]]>
              </value>
            </param>
          </params>
          <reporter-output>
          </reporter-output>
        </test-method> <!-- setUp -->
        <test-method signature="testSimpleFormDemo()[pri:1, instance:LambdaTest.LT_Selenium.window_10_Chrome_Selenium@49ec71f8]" started-at="2025-11-22T11:44:47 IST" name="testSimpleFormDemo" finished-at="2025-11-22T11:44:53 IST" duration-ms="5204" status="PASS">
          <reporter-output>
          </reporter-output>
        </test-method> <!-- testSimpleFormDemo -->
        <test-method is-config="true" signature="tearDown()[pri:0, instance:LambdaTest.LT_Selenium.window_10_Chrome_Selenium@49ec71f8]" started-at="2025-11-22T11:44:53 IST" name="tearDown" finished-at="2025-11-22T11:44:53 IST" duration-ms="218" status="PASS">
          <reporter-output>
          </reporter-output>
        </test-method> <!-- tearDown -->
        <test-method is-config="true" signature="setUp(java.lang.String,java.lang.String,java.lang.String,java.lang.String)[pri:0, instance:LambdaTest.LT_Selenium.window_10_Chrome_Selenium@49ec71f8]" started-at="2025-11-22T11:44:53 IST" name="setUp" finished-at="2025-11-22T11:45:35 IST" duration-ms="42211" status="PASS">
          <params>
            <param index="0">
              <value>
                <![CDATA[128.0]]>
              </value>
            </param>
            <param index="1">
              <value>
                <![CDATA[Windows 10]]>
              </value>
            </param>
            <param index="2">
              <value>
                <![CDATA[rushikute955]]>
              </value>
            </param>
            <param index="3">
              <value>
                <![CDATA[LT_O2OjcCAXtn89PMHftECoQ0iQhG8Fd5Xaf5ZsZ0rVywVChTk]]>
              </value>
            </param>
          </params>
          <reporter-output>
          </reporter-output>
        </test-method> <!-- setUp -->
        <test-method signature="testDragAndDropSlider()[pri:2, instance:LambdaTest.LT_Selenium.window_10_Chrome_Selenium@49ec71f8]" started-at="2025-11-22T11:45:35 IST" name="testDragAndDropSlider" finished-at="2025-11-22T11:45:40 IST" duration-ms="5339" status="PASS">
          <reporter-output>
          </reporter-output>
        </test-method> <!-- testDragAndDropSlider -->
        <test-method is-config="true" signature="tearDown()[pri:0, instance:LambdaTest.LT_Selenium.window_10_Chrome_Selenium@49ec71f8]" started-at="2025-11-22T11:45:40 IST" name="tearDown" finished-at="2025-11-22T11:45:41 IST" duration-ms="195" status="PASS">
          <reporter-output>
          </reporter-output>
        </test-method> <!-- tearDown -->
        <test-method is-config="true" signature="setUp(java.lang.String,java.lang.String,java.lang.String,java.lang.String)[pri:0, instance:LambdaTest.LT_Selenium.window_10_Chrome_Selenium@49ec71f8]" started-at="2025-11-22T11:45:41 IST" name="setUp" finished-at="2025-11-22T11:46:12 IST" duration-ms="31029" status="PASS">
          <params>
            <param index="0">
              <value>
                <![CDATA[128.0]]>
              </value>
            </param>
            <param index="1">
              <value>
                <![CDATA[Windows 10]]>
              </value>
            </param>
            <param index="2">
              <value>
                <![CDATA[rushikute955]]>
              </value>
            </param>
            <param index="3">
              <value>
                <![CDATA[LT_O2OjcCAXtn89PMHftECoQ0iQhG8Fd5Xaf5ZsZ0rVywVChTk]]>
              </value>
            </param>
          </params>
          <reporter-output>
          </reporter-output>
        </test-method> <!-- setUp -->
        <test-method signature="testInputFormSubmit()[pri:3, instance:LambdaTest.LT_Selenium.window_10_Chrome_Selenium@49ec71f8]" started-at="2025-11-22T11:46:12 IST" name="testInputFormSubmit" finished-at="2025-11-22T11:46:21 IST" duration-ms="9588" status="PASS">
          <reporter-output>
          </reporter-output>
        </test-method> <!-- testInputFormSubmit -->
        <test-method is-config="true" signature="tearDown()[pri:0, instance:LambdaTest.LT_Selenium.window_10_Chrome_Selenium@49ec71f8]" started-at="2025-11-22T11:46:21 IST" name="tearDown" finished-at="2025-11-22T11:46:21 IST" duration-ms="203" status="PASS">
          <reporter-output>
          </reporter-output>
        </test-method> <!-- tearDown -->
      </class> <!-- LambdaTest.LT_Selenium.window_10_Chrome_Selenium -->
    </test> <!-- Chrome on Windows 10 -->
    <test started-at="2025-11-22T11:44:02 IST" name="Internet Explorer on Windows 10" finished-at="2025-11-22T11:46:29 IST" duration-ms="146595">
      <class name="LambdaTest.LT_Selenium.windows_10_IE_Selenium">
        <test-method is-config="true" signature="setUp(java.lang.String,java.lang.String,java.lang.String,java.lang.String)[pri:0, instance:LambdaTest.LT_Selenium.windows_10_IE_Selenium@6c6cb480]" started-at="2025-11-22T11:44:03 IST" name="setUp" finished-at="2025-11-22T11:44:49 IST" duration-ms="46683" status="PASS">
          <params>
            <param index="0">
              <value>
                <![CDATA[latest]]>
              </value>
            </param>
            <param index="1">
              <value>
                <![CDATA[Windows 10]]>
              </value>
            </param>
            <param index="2">
              <value>
                <![CDATA[rushikute955]]>
              </value>
            </param>
            <param index="3">
              <value>
                <![CDATA[LT_O2OjcCAXtn89PMHftECoQ0iQhG8Fd5Xaf5ZsZ0rVywVChTk]]>
              </value>
            </param>
          </params>
          <reporter-output>
          </reporter-output>
        </test-method> <!-- setUp -->
        <test-method signature="testSimpleFormDemo()[pri:1, instance:LambdaTest.LT_Selenium.windows_10_IE_Selenium@6c6cb480]" started-at="2025-11-22T11:44:49 IST" name="testSimpleFormDemo" finished-at="2025-11-22T11:44:56 IST" duration-ms="6831" status="FAIL">
          <exception class="java.lang.AssertionError">
            <message>
              <![CDATA[expected [Welcome to LambdaTest] but found []]]>
            </message>
            <full-stacktrace>
              <![CDATA[java.lang.AssertionError: expected [Welcome to LambdaTest] but found []
at org.testng.Assert.fail(Assert.java:110)
at org.testng.Assert.failNotEquals(Assert.java:1577)
at org.testng.Assert.assertEqualsImpl(Assert.java:149)
at org.testng.Assert.assertEquals(Assert.java:131)
at org.testng.Assert.assertEquals(Assert.java:655)
at org.testng.Assert.assertEquals(Assert.java:665)
at LambdaTest.LT_Selenium.windows_10_IE_Selenium.testSimpleFormDemo(windows_10_IE_Selenium.java:77)
at java.base/jdk.internal.reflect.DirectMethodHandleAccessor.invoke(DirectMethodHandleAccessor.java:103)
at java.base/java.lang.reflect.Method.invoke(Method.java:580)
at org.testng.internal.invokers.MethodInvocationHelper.invokeMethod(MethodInvocationHelper.java:139)
at org.testng.internal.invokers.InvokeMethodRunnable.runOne(InvokeMethodRunnable.java:47)
at org.testng.internal.invokers.InvokeMethodRunnable.call(InvokeMethodRunnable.java:76)
at org.testng.internal.invokers.InvokeMethodRunnable.call(InvokeMethodRunnable.java:11)
at java.base/java.util.concurrent.FutureTask.run(FutureTask.java:317)
at java.base/java.util.concurrent.ThreadPoolExecutor.runWorker(ThreadPoolExecutor.java:1144)
at java.base/java.util.concurrent.ThreadPoolExecutor$Worker.run(ThreadPoolExecutor.java:642)
at java.base/java.lang.Thread.run(Thread.java:1583)
]]>
            </full-stacktrace>
          </exception> <!-- java.lang.AssertionError -->
          <reporter-output>
          </reporter-output>
        </test-method> <!-- testSimpleFormDemo -->
        <test-method is-config="true" signature="tearDown()[pri:0, instance:LambdaTest.LT_Selenium.windows_10_IE_Selenium@6c6cb480]" started-at="2025-11-22T11:44:56 IST" name="tearDown" finished-at="2025-11-22T11:44:56 IST" duration-ms="174" status="PASS">
          <reporter-output>
          </reporter-output>
        </test-method> <!-- tearDown -->
        <test-method is-config="true" signature="setUp(java.lang.String,java.lang.String,java.lang.String,java.lang.String)[pri:0, instance:LambdaTest.LT_Selenium.windows_10_IE_Selenium@6c6cb480]" started-at="2025-11-22T11:44:56 IST" name="setUp" finished-at="2025-11-22T11:45:54 IST" duration-ms="58198" status="PASS">
          <params>
            <param index="0">
              <value>
                <![CDATA[latest]]>
              </value>
            </param>
            <param index="1">
              <value>
                <![CDATA[Windows 10]]>
              </value>
            </param>
            <param index="2">
              <value>
                <![CDATA[rushikute955]]>
              </value>
            </param>
            <param index="3">
              <value>
                <![CDATA[LT_O2OjcCAXtn89PMHftECoQ0iQhG8Fd5Xaf5ZsZ0rVywVChTk]]>
              </value>
            </param>
          </params>
          <reporter-output>
          </reporter-output>
        </test-method> <!-- setUp -->
        <test-method signature="testDragAndDropSlider()[pri:2, instance:LambdaTest.LT_Selenium.windows_10_IE_Selenium@6c6cb480]" started-at="2025-11-22T11:45:54 IST" name="testDragAndDropSlider" finished-at="2025-11-22T11:46:01 IST" duration-ms="6340" status="FAIL">
          <exception class="java.lang.AssertionError">
            <message>
              <![CDATA[expected [95] but found [15]]]>
            </message>
            <full-stacktrace>
              <![CDATA[java.lang.AssertionError: expected [95] but found [15]
at org.testng.Assert.fail(Assert.java:110)
at org.testng.Assert.failNotEquals(Assert.java:1577)
at org.testng.Assert.assertEqualsImpl(Assert.java:149)
at org.testng.Assert.assertEquals(Assert.java:131)
at org.testng.Assert.assertEquals(Assert.java:655)
at org.testng.Assert.assertEquals(Assert.java:665)
at LambdaTest.LT_Selenium.windows_10_IE_Selenium.testDragAndDropSlider(windows_10_IE_Selenium.java:93)
at java.base/jdk.internal.reflect.DirectMethodHandleAccessor.invoke(DirectMethodHandleAccessor.java:103)
at java.base/java.lang.reflect.Method.invoke(Method.java:580)
at org.testng.internal.invokers.MethodInvocationHelper.invokeMethod(MethodInvocationHelper.java:139)
at org.testng.internal.invokers.InvokeMethodRunnable.runOne(InvokeMethodRunnable.java:47)
at org.testng.internal.invokers.InvokeMethodRunnable.call(InvokeMethodRunnable.java:76)
at org.testng.internal.invokers.InvokeMethodRunnable.call(InvokeMethodRunnable.java:11)
at java.base/java.util.concurrent.FutureTask.run(FutureTask.java:317)
at java.base/java.util.concurrent.ThreadPoolExecutor.runWorker(ThreadPoolExecutor.java:1144)
at java.base/java.util.concurrent.ThreadPoolExecutor$Worker.run(ThreadPoolExecutor.java:642)
at java.base/java.lang.Thread.run(Thread.java:1583)
]]>
            </full-stacktrace>
          </exception> <!-- java.lang.AssertionError -->
          <reporter-output>
          </reporter-output>
        </test-method> <!-- testDragAndDropSlider -->
        <test-method is-config="true" signature="tearDown()[pri:0, instance:LambdaTest.LT_Selenium.windows_10_IE_Selenium@6c6cb480]" started-at="2025-11-22T11:46:01 IST" name="tearDown" finished-at="2025-11-22T11:46:01 IST" duration-ms="202" status="PASS">
          <reporter-output>
          </reporter-output>
        </test-method> <!-- tearDown -->
        <test-method is-config="true" signature="setUp(java.lang.String,java.lang.String,java.lang.String,java.lang.String)[pri:0, instance:LambdaTest.LT_Selenium.windows_10_IE_Selenium@6c6cb480]" started-at="2025-11-22T11:46:01 IST" name="setUp" finished-at="2025-11-22T11:46:23 IST" duration-ms="21598" status="PASS">
          <params>
            <param index="0">
              <value>
                <![CDATA[latest]]>
              </value>
            </param>
            <param index="1">
              <value>
                <![CDATA[Windows 10]]>
              </value>
            </param>
            <param index="2">
              <value>
                <![CDATA[rushikute955]]>
              </value>
            </param>
            <param index="3">
              <value>
                <![CDATA[LT_O2OjcCAXtn89PMHftECoQ0iQhG8Fd5Xaf5ZsZ0rVywVChTk]]>
              </value>
            </param>
          </params>
          <reporter-output>
          </reporter-output>
        </test-method> <!-- setUp -->
        <test-method signature="testInputFormSubmit()[pri:3, instance:LambdaTest.LT_Selenium.windows_10_IE_Selenium@6c6cb480]" started-at="2025-11-22T11:46:23 IST" name="testInputFormSubmit" finished-at="2025-11-22T11:46:29 IST" duration-ms="6381" status="FAIL">
          <exception class="java.lang.AssertionError">
            <message>
              <![CDATA[expected [Please fill out this field.] but found [This is a required field]]]>
            </message>
            <full-stacktrace>
              <![CDATA[java.lang.AssertionError: expected [Please fill out this field.] but found [This is a required field]
at org.testng.Assert.fail(Assert.java:110)
at org.testng.Assert.failNotEquals(Assert.java:1577)
at org.testng.Assert.assertEqualsImpl(Assert.java:149)
at org.testng.Assert.assertEquals(Assert.java:131)
at org.testng.Assert.assertEquals(Assert.java:655)
at org.testng.Assert.assertEquals(Assert.java:665)
at LambdaTest.LT_Selenium.windows_10_IE_Selenium.testInputFormSubmit(windows_10_IE_Selenium.java:109)
at java.base/jdk.internal.reflect.DirectMethodHandleAccessor.invoke(DirectMethodHandleAccessor.java:103)
at java.base/java.lang.reflect.Method.invoke(Method.java:580)
at org.testng.internal.invokers.MethodInvocationHelper.invokeMethod(MethodInvocationHelper.java:139)
at org.testng.internal.invokers.InvokeMethodRunnable.runOne(InvokeMethodRunnable.java:47)
at org.testng.internal.invokers.InvokeMethodRunnable.call(InvokeMethodRunnable.java:76)
at org.testng.internal.invokers.InvokeMethodRunnable.call(InvokeMethodRunnable.java:11)
at java.base/java.util.concurrent.FutureTask.run(FutureTask.java:317)
at java.base/java.util.concurrent.ThreadPoolExecutor.runWorker(ThreadPoolExecutor.java:1144)
at java.base/java.util.concurrent.ThreadPoolExecutor$Worker.run(ThreadPoolExecutor.java:642)
at java.base/java.lang.Thread.run(Thread.java:1583)
]]>
            </full-stacktrace>
          </exception> <!-- java.lang.AssertionError -->
          <reporter-output>
          </reporter-output>
        </test-method> <!-- testInputFormSubmit -->
        <test-method is-config="true" signature="tearDown()[pri:0, instance:LambdaTest.LT_Selenium.windows_10_IE_Selenium@6c6cb480]" started-at="2025-11-22T11:46:29 IST" name="tearDown" finished-at="2025-11-22T11:46:29 IST" duration-ms="122" status="PASS">
          <reporter-output>
          </reporter-output>
        </test-method> <!-- tearDown -->
      </class> <!-- LambdaTest.LT_Selenium.windows_10_IE_Selenium -->
    </test> <!-- Internet Explorer on Windows 10 -->
  </suite> <!-- LT_Selenium -->
</testng-results>
