<?xml version="1.0" encoding="UTF-8"?>
<!-- Generated by org.testng.reporters.JUnitReportReporter -->
<testsuite hostname="LAPTOP-DUJFBR3O" failures="0" tests="3" name="LambdaTest.LT_Selenium.window_10_FFox_Selenium" time="131.432" errors="0" timestamp="2025-11-22T11:46:29 IST" skipped="0">
  <testcase classname="LambdaTest.LT_Selenium.window_10_FFox_Selenium" name="testSimpleFormDemo" time="39.386"/>
  <system-out/>
  <testcase classname="LambdaTest.LT_Selenium.window_10_FFox_Selenium" name="testDragAndDropSlider" time="49.536"/>
  <system-out/>
  <testcase classname="LambdaTest.LT_Selenium.window_10_FFox_Selenium" name="testInputFormSubmit" time="42.510"/>
  <system-out/>
</testsuite> <!-- LambdaTest.LT_Selenium.window_10_FFox_Selenium -->
