<?xml version="1.0" encoding="UTF-8"?>
<!-- Generated by org.testng.reporters.JUnitReportReporter -->
<testsuite hostname="LAPTOP-DUJFBR3O" failures="0" tests="3" name="LambdaTest.LT_Selenium.mac_Edge_Selenium" time="101.827" errors="0" timestamp="2025-11-22T11:46:29 IST" skipped="0">
  <testcase classname="LambdaTest.LT_Selenium.mac_Edge_Selenium" name="testSimpleFormDemo" time="30.074"/>
  <system-out/>
  <testcase classname="LambdaTest.LT_Selenium.mac_Edge_Selenium" name="testDragAndDropSlider" time="38.531"/>
  <system-out/>
  <testcase classname="LambdaTest.LT_Selenium.mac_Edge_Selenium" name="testInputFormSubmit" time="33.222"/>
  <system-out/>
</testsuite> <!-- LambdaTest.LT_Selenium.mac_Edge_Selenium -->
