<?xml version="1.0" encoding="UTF-8"?>
<!-- Generated by org.testng.reporters.JUnitReportReporter -->
<testsuite hostname="LAPTOP-DUJFBR3O" failures="0" tests="3" name="LambdaTest.LT_Selenium.window_10_Chrome_Selenium" time="138.811" errors="0" timestamp="2025-11-22T11:46:29 IST" skipped="0">
  <testcase classname="LambdaTest.LT_Selenium.window_10_Chrome_Selenium" name="testSimpleFormDemo" time="47.610"/>
  <system-out/>
  <testcase classname="LambdaTest.LT_Selenium.window_10_Chrome_Selenium" name="testDragAndDropSlider" time="36.571"/>
  <system-out/>
  <testcase classname="LambdaTest.LT_Selenium.window_10_Chrome_Selenium" name="testInputFormSubmit" time="54.630"/>
  <system-out/>
</testsuite> <!-- LambdaTest.LT_Selenium.window_10_Chrome_Selenium -->
